16:12:57 INFO  : updated workspace path: /nethome/mmeng35/FPGA_ECE8893/2025_Spring/lab3
16:13:02 INFO  : Successfully created repository data at /tmp/rigel_lopper_mmeng3513410717343970373553
16:13:02 INFO  : bash, -c, source /tools/software/xilinx/Vitis/latest/tps/lnx64/lopper-1.1.0/env/bin/activate && python /tools/software/xilinx/Vitis/latest/data/embeddedsw/scripts/pyesw//get_template_data.py -d /tmp/rigel_lopper_mmeng353328116856110607073 -r /tmp/rigel_lopper_mmeng3513410717343970373553/.repo.yaml && deactivate
16:13:03 INFO  : Embedded Template List generated successfully
16:13:03 INFO  : bash, -c, source /tools/software/xilinx/Vitis/latest/tps/lnx64/lopper-1.1.0/env/bin/activate && python /tools/software/xilinx/Vitis/latest/data/embeddedsw/scripts/pyesw//repo.py -st   /tools/software/xilinx/Vitis/latest/data/embeddedsw && deactivate
16:13:06 INFO  : Successfully created repository data at /nethome/mmeng35/FPGA_ECE8893/2025_Spring/lab3/.wsdata
16:13:06 INFO  : bash, -c, source /tools/software/xilinx/Vitis/latest/tps/lnx64/lopper-1.1.0/env/bin/activate && python /tools/software/xilinx/Vitis/latest/data/embeddedsw/scripts/pyesw//get_template_data.py -d /tmp/rigel_lopper_mmeng354567851729689608207 -r /nethome/mmeng35/FPGA_ECE8893/2025_Spring/lab3/.wsdata/.repo.yaml && deactivate
16:13:07 INFO  : Embedded Template List generated successfully
01:01:17 INFO  : connection terminated
01:01:17 INFO  : connection terminated
01:01:17 INFO  : scheduling shutdown timer for 2 seconds ...
01:01:17 INFO  : scheduling shutdown timer for 2 seconds ...
01:01:19 INFO  : Terminating Vitis C++ Server
01:01:19 INFO  : Vitis C++ Server terminated
23:18:57 INFO  : updated workspace path: /nethome/mmeng35/FPGA_ECE8893/2025_Spring/lab3
23:18:57 INFO  : created .gitignore file for the project /nethome/mmeng35/FPGA_ECE8893/2025_Spring/lab3
23:19:02 INFO  : Successfully created repository data at /tmp/rigel_lopper_mmeng357357903049710156959
23:19:02 INFO  : bash, -c, source /tools/software/xilinx/Vitis/2024.1/tps/lnx64/lopper-1.1.0/env/bin/activate && python /tools/software/xilinx/Vitis/2024.1/data/embeddedsw/scripts/pyesw//get_template_data.py -d /tmp/rigel_lopper_mmeng353762239004063162782 -r /tmp/rigel_lopper_mmeng357357903049710156959/.repo.yaml && deactivate
23:19:02 INFO  : Embedded Template List generated successfully
23:19:02 INFO  : bash, -c, source /tools/software/xilinx/Vitis/2024.1/tps/lnx64/lopper-1.1.0/env/bin/activate && python /tools/software/xilinx/Vitis/2024.1/data/embeddedsw/scripts/pyesw//repo.py -st   /tools/software/xilinx/Vitis/2024.1/data/embeddedsw && deactivate
23:19:06 INFO  : Successfully created repository data at /nethome/mmeng35/FPGA_ECE8893/2025_Spring/lab3/.wsdata
23:19:06 INFO  : bash, -c, source /tools/software/xilinx/Vitis/2024.1/tps/lnx64/lopper-1.1.0/env/bin/activate && python /tools/software/xilinx/Vitis/2024.1/data/embeddedsw/scripts/pyesw//get_template_data.py -d /tmp/rigel_lopper_mmeng3510906091230541984163 -r /nethome/mmeng35/FPGA_ECE8893/2025_Spring/lab3/.wsdata/.repo.yaml && deactivate
23:19:06 INFO  : Embedded Template List generated successfully
08:01:02 INFO  : connection terminated
08:01:02 INFO  : connection terminated
08:01:02 INFO  : scheduling shutdown timer for 2 seconds ...
08:01:04 INFO  : Terminating Vitis C++ Server
08:01:04 INFO  : Vitis C++ Server terminated
