[   0-8009] compute_attention_HLS
	[   1-5213] compute_attention_HLS_Pipeline_VITIS_LOOP_43_2_VITIS_LOOP_44_3
	[5215-5384] compute_attention_HLS_Pipeline_VITIS_LOOP_7_2
		[5227-5232] exp<33, 9>
		[5228-5233] exp<33, 9>
		[5229-5234] exp<33, 9>
		[5220-5225] exp<33, 9>
		[5221-5226] exp<33, 9>
		[5222-5227] exp<33, 9>
		[5223-5228] exp<33, 9>
		[5224-5229] exp<33, 9>
		[5225-5230] exp<33, 9>
		[5226-5231] exp<33, 9>
		[5237-5242] exp<33, 9>
		[5238-5243] exp<33, 9>
		[5239-5244] exp<33, 9>
		[5230-5235] exp<33, 9>
		[5231-5236] exp<33, 9>
		[5232-5237] exp<33, 9>
		[5233-5238] exp<33, 9>
		[5234-5239] exp<33, 9>
		[5235-5240] exp<33, 9>
		[5236-5241] exp<33, 9>
		[5247-5252] exp<33, 9>
		[5248-5253] exp<33, 9>
		[5249-5254] exp<33, 9>
		[5240-5245] exp<33, 9>
		[5241-5246] exp<33, 9>
		[5242-5247] exp<33, 9>
		[5243-5248] exp<33, 9>
		[5244-5249] exp<33, 9>
		[5245-5250] exp<33, 9>
		[5246-5251] exp<33, 9>
		[5257-5262] exp<33, 9>
		[5258-5263] exp<33, 9>
		[5259-5264] exp<33, 9>
		[5250-5255] exp<33, 9>
		[5251-5256] exp<33, 9>
		[5252-5257] exp<33, 9>
		[5253-5258] exp<33, 9>
		[5254-5259] exp<33, 9>
		[5255-5260] exp<33, 9>
		[5256-5261] exp<33, 9>
		[5267-5272] exp<33, 9>
		[5268-5273] exp<33, 9>
		[5269-5274] exp<33, 9>
		[5260-5265] exp<33, 9>
		[5261-5266] exp<33, 9>
		[5262-5267] exp<33, 9>
		[5263-5268] exp<33, 9>
		[5264-5269] exp<33, 9>
		[5265-5270] exp<33, 9>
		[5266-5271] exp<33, 9>
		[5277-5282] exp<33, 9>
		[5278-5283] exp<33, 9>
		[5279-5284] exp<33, 9>
		[5270-5275] exp<33, 9>
		[5271-5276] exp<33, 9>
		[5272-5277] exp<33, 9>
		[5273-5278] exp<33, 9>
		[5274-5279] exp<33, 9>
		[5275-5280] exp<33, 9>
		[5276-5281] exp<33, 9>
		[5287-5292] exp<33, 9>
		[5288-5293] exp<33, 9>
		[5289-5294] exp<33, 9>
		[5280-5285] exp<33, 9>
		[5281-5286] exp<33, 9>
		[5282-5287] exp<33, 9>
		[5283-5288] exp<33, 9>
		[5284-5289] exp<33, 9>
		[5285-5290] exp<33, 9>
		[5286-5291] exp<33, 9>
		[5297-5302] exp<33, 9>
		[5298-5303] exp<33, 9>
		[5299-5304] exp<33, 9>
		[5290-5295] exp<33, 9>
		[5291-5296] exp<33, 9>
		[5292-5297] exp<33, 9>
		[5293-5298] exp<33, 9>
		[5294-5299] exp<33, 9>
		[5295-5300] exp<33, 9>
		[5296-5301] exp<33, 9>
		[5307-5312] exp<33, 9>
		[5308-5313] exp<33, 9>
		[5309-5314] exp<33, 9>
		[5300-5305] exp<33, 9>
		[5301-5306] exp<33, 9>
		[5302-5307] exp<33, 9>
		[5303-5308] exp<33, 9>
		[5304-5309] exp<33, 9>
		[5305-5310] exp<33, 9>
		[5306-5311] exp<33, 9>
		[5317-5322] exp<33, 9>
		[5318-5323] exp<33, 9>
		[5319-5324] exp<33, 9>
		[5310-5315] exp<33, 9>
		[5311-5316] exp<33, 9>
		[5312-5317] exp<33, 9>
		[5313-5318] exp<33, 9>
		[5314-5319] exp<33, 9>
		[5315-5320] exp<33, 9>
		[5316-5321] exp<33, 9>
	[5386-8001] compute_attention_HLS_Pipeline_VITIS_LOOP_59_6_VITIS_LOOP_60_7
